0 info it worked if it ends with ok
1 verbose cli [ 'C:\\Program Files\\nodejs\\node.exe',
1 verbose cli   'C:\\Program Files\\nodejs\\node_modules\\npm\\bin\\npm-cli.js',
1 verbose cli   'restart' ]
2 info using npm@3.10.10
3 info using node@v6.11.0
4 verbose run-script [ 'prerestart',
4 verbose run-script   'prestop',
4 verbose run-script   'stop',
4 verbose run-script   'poststop',
4 verbose run-script   'restart',
4 verbose run-script   'prestart',
4 verbose run-script   'start',
4 verbose run-script   'poststart',
4 verbose run-script   'postrestart' ]
5 info lifecycle SportsAnalytics@0.0.1~prerestart: SportsAnalytics@0.0.1
6 silly lifecycle SportsAnalytics@0.0.1~prerestart: no script for prerestart, continuing
7 info lifecycle SportsAnalytics@0.0.1~prestop: SportsAnalytics@0.0.1
8 silly lifecycle SportsAnalytics@0.0.1~prestop: no script for prestop, continuing
9 info lifecycle SportsAnalytics@0.0.1~stop: SportsAnalytics@0.0.1
10 silly lifecycle SportsAnalytics@0.0.1~stop: no script for stop, continuing
11 info lifecycle SportsAnalytics@0.0.1~poststop: SportsAnalytics@0.0.1
12 silly lifecycle SportsAnalytics@0.0.1~poststop: no script for poststop, continuing
13 info lifecycle SportsAnalytics@0.0.1~restart: SportsAnalytics@0.0.1
14 silly lifecycle SportsAnalytics@0.0.1~restart: no script for restart, continuing
15 info lifecycle SportsAnalytics@0.0.1~prestart: SportsAnalytics@0.0.1
16 silly lifecycle SportsAnalytics@0.0.1~prestart: no script for prestart, continuing
17 info lifecycle SportsAnalytics@0.0.1~start: SportsAnalytics@0.0.1
18 verbose lifecycle SportsAnalytics@0.0.1~start: unsafe-perm in lifecycle true
19 verbose lifecycle SportsAnalytics@0.0.1~start: PATH: C:\Program Files\nodejs\node_modules\npm\bin\node-gyp-bin;C:\Users\Yagnik\Desktop\SFU\CMPT275\Backend\cmpt275App\node_modules\.bin;C:\Users\Yagnik\bin;C:\Program Files\Git\mingw64\bin;C:\Program Files\Git\usr\local\bin;C:\Program Files\Git\usr\bin;C:\Program Files\Git\usr\bin;C:\Program Files\Git\mingw64\bin;C:\Program Files\Git\usr\bin;C:\Users\Yagnik\bin;C:\ProgramData\Oracle\Java\javapath;C:\WINDOWS\system32;C:\WINDOWS;C:\WINDOWS\System32\Wbem;C:\WINDOWS\System32\WindowsPowerShell\v1.0;C:\WINDOWS\system32\config\systemprofile\.dnx\bin;C:\Program Files\Microsoft DNX\Dnvm;C:\Program Files (x86)\Windows Kits\8.1\Windows Performance Toolkit;C:\Program Files\Microsoft SQL Server\130\Tools\Binn;C:\Program Files\Java\jdk1.8.0_111;C:\Program Files (x86)\Skype\Phone;C:\Program Files\Git\cmd;C:\Program Files\nodejs;C:\Program Files\Intel\WiFi\bin;C:\Program Files\Common Files\Intel\WirelessCommon;C:\Users\Yagnik\Anaconda3;C:\Users\Yagnik\Anaconda3\Library\mingw-w64\bin;C:\Users\Yagnik\Anaconda3\Library\usr\bin;C:\Users\Yagnik\Anaconda3\Library\bin;C:\Users\Yagnik\Anaconda3\Scripts;C:\Users\Yagnik\AppData\Local\Microsoft\WindowsApps;C:\Users\Yagnik\AppData\Roaming\npm;C:\FFMPEG\bin;C:\Program Files (x86)\Microsoft VS Code\bin;C:\Program Files\Git\usr\bin\vendor_perl;C:\Program Files\Git\usr\bin\core_perl
20 verbose lifecycle SportsAnalytics@0.0.1~start: CWD: C:\Users\Yagnik\Desktop\SFU\CMPT275\Backend\cmpt275App
21 silly lifecycle SportsAnalytics@0.0.1~start: Args: [ '/d /s /c', 'node index.js' ]
22 silly lifecycle SportsAnalytics@0.0.1~start: Returned: code: 1  signal: null
23 info lifecycle SportsAnalytics@0.0.1~start: Failed to exec start script
24 verbose stack Error: SportsAnalytics@0.0.1 start: `node index.js`
24 verbose stack Exit status 1
24 verbose stack     at EventEmitter.<anonymous> (C:\Program Files\nodejs\node_modules\npm\lib\utils\lifecycle.js:255:16)
24 verbose stack     at emitTwo (events.js:106:13)
24 verbose stack     at EventEmitter.emit (events.js:191:7)
24 verbose stack     at ChildProcess.<anonymous> (C:\Program Files\nodejs\node_modules\npm\lib\utils\spawn.js:40:14)
24 verbose stack     at emitTwo (events.js:106:13)
24 verbose stack     at ChildProcess.emit (events.js:191:7)
24 verbose stack     at maybeClose (internal/child_process.js:891:16)
24 verbose stack     at Process.ChildProcess._handle.onexit (internal/child_process.js:226:5)
25 verbose pkgid SportsAnalytics@0.0.1
26 verbose cwd C:\Users\Yagnik\Desktop\SFU\CMPT275\Backend\cmpt275App
27 error Windows_NT 10.0.15063
28 error argv "C:\\Program Files\\nodejs\\node.exe" "C:\\Program Files\\nodejs\\node_modules\\npm\\bin\\npm-cli.js" "restart"
29 error node v6.11.0
30 error npm  v3.10.10
31 error code ELIFECYCLE
32 error SportsAnalytics@0.0.1 start: `node index.js`
32 error Exit status 1
33 error Failed at the SportsAnalytics@0.0.1 start script 'node index.js'.
33 error Make sure you have the latest version of node.js and npm installed.
33 error If you do, this is most likely a problem with the SportsAnalytics package,
33 error not with npm itself.
33 error Tell the author that this fails on your system:
33 error     node index.js
33 error You can get information on how to open an issue for this project with:
33 error     npm bugs SportsAnalytics
33 error Or if that isn't available, you can get their info via:
33 error     npm owner ls SportsAnalytics
33 error There is likely additional logging output above.
34 verbose exit [ 1, true ]
